<?xml version="1.0" encoding="UTF-8"?>
<!-- Generated by org.testng.reporters.JUnitXMLReporter -->
<testsuite hostname="MYSHEC114951L" name="Default test" tests="6" failures="1" timestamp="29 May 2018 16:42:55 GMT" time="226.967" errors="0">
  <testcase name="SearchTV" time="10.679" classname="com.automation.enigineer.screens.AppEbaySwipe"/>
  <testcase name="selectTV" time="8.686" classname="com.automation.enigineer.screens.AppEbaySwipe"/>
  <testcase name="addTOCart" time="6.198" classname="com.automation.enigineer.screens.AppEbaySwipe"/>
  <testcase name="loginToApp" time="46.2" classname="com.automation.enigineer.screens.AppEbaySwipe"/>
  <testcase name="reviewItem" time="22.895" classname="com.automation.enigineer.screens.AppEbaySwipe"/>
  <testcase name="checkoutScreen" time="7.761" classname="com.automation.enigineer.screens.AppEbaySwipe">
    <failure type="org.openqa.selenium.WebDriverException" message="Returned value cannot be converted to WebElement: {stacktrace=NoSuchElementError: An element could not be located on the page using the given search parameters.
    at AndroidDriver.callee$0$0$ (C:\Users\rasana_r\AppData\Local\Programs\appium-desktop\resources\app\node_modules\appium-android-driver\lib\commands\find.js:69:13)
    at tryCatch (C:\Users\rasana_r\AppData\Local\Programs\appium-desktop\resources\app\node_modules\appium-android-driver\node_modules\babel-runtime\regenerator\runtime.js:67:40)
    at GeneratorFunctionPrototype.invoke [as _invoke] (C:\Users\rasana_r\AppData\Local\Programs\appium-desktop\resources\app\node_modules\appium-android-driver\node_modules\babel-runtime\regenerator\runtime.js:315:22)
    at GeneratorFunctionPrototype.prototype.(anonymous function) [as throw] (C:\Users\rasana_r\AppData\Local\Programs\appium-desktop\resources\app\node_modules\appium-android-driver\node_modules\babel-runtime\regenerator\runtime.js:100:21)
    at GeneratorFunctionPrototype.invoke (C:\Users\rasana_r\AppData\Local\Programs\appium-desktop\resources\app\node_modules\appium-android-driver\node_modules\babel-runtime\regenerator\runtime.js:136:37)
    at &amp;lt;anonymous&amp;gt;, error=no such element, message=An element could not be located on the page using the given search parameters.}
Build info: version: &amp;apos;3.4.0&amp;apos;, revision: &amp;apos;unknown&amp;apos;, time: &amp;apos;unknown&amp;apos;
System info: host: &amp;apos;MYSHEC114951L&amp;apos;, ip: &amp;apos;192.168.1.4&amp;apos;, os.name: &amp;apos;Windows 7&amp;apos;, os.arch: &amp;apos;amd64&amp;apos;, os.version: &amp;apos;6.1&amp;apos;, java.version: &amp;apos;1.8.0_141&amp;apos;
Driver info: driver.version: AndroidDriver">
      <![CDATA[org.openqa.selenium.WebDriverException: Returned value cannot be converted to WebElement: {stacktrace=NoSuchElementError: An element could not be located on the page using the given search parameters.
    at AndroidDriver.callee$0$0$ (C:\Users\rasana_r\AppData\Local\Programs\appium-desktop\resources\app\node_modules\appium-android-driver\lib\commands\find.js:69:13)
    at tryCatch (C:\Users\rasana_r\AppData\Local\Programs\appium-desktop\resources\app\node_modules\appium-android-driver\node_modules\babel-runtime\regenerator\runtime.js:67:40)
    at GeneratorFunctionPrototype.invoke [as _invoke] (C:\Users\rasana_r\AppData\Local\Programs\appium-desktop\resources\app\node_modules\appium-android-driver\node_modules\babel-runtime\regenerator\runtime.js:315:22)
    at GeneratorFunctionPrototype.prototype.(anonymous function) [as throw] (C:\Users\rasana_r\AppData\Local\Programs\appium-desktop\resources\app\node_modules\appium-android-driver\node_modules\babel-runtime\regenerator\runtime.js:100:21)
    at GeneratorFunctionPrototype.invoke (C:\Users\rasana_r\AppData\Local\Programs\appium-desktop\resources\app\node_modules\appium-android-driver\node_modules\babel-runtime\regenerator\runtime.js:136:37)
    at <anonymous>, error=no such element, message=An element could not be located on the page using the given search parameters.}
Build info: version: '3.4.0', revision: 'unknown', time: 'unknown'
System info: host: 'MYSHEC114951L', ip: '192.168.1.4', os.name: 'Windows 7', os.arch: 'amd64', os.version: '6.1', java.version: '1.8.0_141'
Driver info: driver.version: AndroidDriver
	at org.openqa.selenium.remote.RemoteWebDriver.findElement(RemoteWebDriver.java:417)
	at org.openqa.selenium.remote.RemoteWebDriver.findElementByXPath(RemoteWebDriver.java:509)
	at io.appium.java_client.DefaultGenericMobileDriver.findElementByXPath(DefaultGenericMobileDriver.java:129)
	at io.appium.java_client.AppiumDriver.findElementByXPath(AppiumDriver.java:1)
	at io.appium.java_client.android.AndroidDriver.findElementByXPath(AndroidDriver.java:1)
	at org.openqa.selenium.By$ByXPath.findElement(By.java:361)
	at org.openqa.selenium.remote.RemoteWebDriver.findElement(RemoteWebDriver.java:402)
	at io.appium.java_client.DefaultGenericMobileDriver.findElement(DefaultGenericMobileDriver.java:51)
	at io.appium.java_client.AppiumDriver.findElement(AppiumDriver.java:1)
	at io.appium.java_client.android.AndroidDriver.findElement(AndroidDriver.java:1)
	at com.automation.enigineer.screens.AppEbaySwipe.checkoutScreen(AppEbaySwipe.java:203)
	at sun.reflect.NativeMethodAccessorImpl.invoke0(Native Method)
	at sun.reflect.NativeMethodAccessorImpl.invoke(Unknown Source)
	at sun.reflect.DelegatingMethodAccessorImpl.invoke(Unknown Source)
	at java.lang.reflect.Method.invoke(Unknown Source)
	at org.testng.internal.MethodInvocationHelper.invokeMethod(MethodInvocationHelper.java:84)
	at org.testng.internal.Invoker.invokeMethod(Invoker.java:714)
	at org.testng.internal.Invoker.invokeTestMethod(Invoker.java:901)
	at org.testng.internal.Invoker.invokeTestMethods(Invoker.java:1231)
	at org.testng.internal.TestMethodWorker.invokeTestMethods(TestMethodWorker.java:127)
	at org.testng.internal.TestMethodWorker.run(TestMethodWorker.java:111)
	at org.testng.TestRunner.privateRun(TestRunner.java:767)
	at org.testng.TestRunner.run(TestRunner.java:617)
	at org.testng.SuiteRunner.runTest(SuiteRunner.java:334)
	at org.testng.SuiteRunner.runSequentially(SuiteRunner.java:329)
	at org.testng.SuiteRunner.privateRun(SuiteRunner.java:291)
	at org.testng.SuiteRunner.run(SuiteRunner.java:240)
	at org.testng.SuiteRunnerWorker.runSuite(SuiteRunnerWorker.java:52)
	at org.testng.SuiteRunnerWorker.run(SuiteRunnerWorker.java:86)
	at org.testng.TestNG.runSuitesSequentially(TestNG.java:1224)
	at org.testng.TestNG.runSuitesLocally(TestNG.java:1149)
	at org.testng.TestNG.run(TestNG.java:1057)
	at org.testng.remote.AbstractRemoteTestNG.run(AbstractRemoteTestNG.java:114)
	at org.testng.remote.RemoteTestNG.initAndRun(RemoteTestNG.java:251)
	at org.testng.remote.RemoteTestNG.main(RemoteTestNG.java:77)
Caused by: java.lang.ClassCastException: com.google.common.collect.Maps$TransformedEntriesMap cannot be cast to org.openqa.selenium.WebElement
	at org.openqa.selenium.remote.RemoteWebDriver.findElement(RemoteWebDriver.java:415)
	... 34 more
]]>
    </failure>
  </testcase> <!-- checkoutScreen -->
</testsuite> <!-- Default test -->
